<?xml version="1.0" encoding="UTF-8"?>
<testsuite xmlns:xsi="http://www.w3.org/2001/XMLSchema-instance" xsi:noNamespaceSchemaLocation="https://maven.apache.org/surefire/maven-surefire-plugin/xsd/surefire-test-report-3.0.xsd" version="3.0" name="runners.RunnerClass" time="13.928" tests="1" errors="0" skipped="0" failures="0">
  <properties>
[...]
</properties>
  <testcase name="valid login scenario" classname="Login feature" time="12.674">
    <system-out><![CDATA[
@regression321 @cmd
Scenario: valid login scenario             &amp#27;[90m# src/test/resources/features/Login.feature:4&amp#27;[0m
  &amp#27;[32mWhen &amp#27;[0m&amp#27;[32muser enters username and password&amp#27;[0m   &amp#27;[90m# steps.LoginSteps.user_enters_username_and_password()&amp#27;[0m
  &amp#27;[32mAnd &amp#27;[0m&amp#27;[32muser clicks on login button&amp#27;[0m          &amp#27;[90m# steps.LoginSteps.user_clicks_on_login_button()&amp#27;[0m
Test passed
  &amp#27;[32mThen &amp#27;[0m&amp#27;[32muser is navigated to dashboard page&amp#27;[0m &amp#27;[90m# steps.LoginSteps.user_is_navigated_to_dashboard_page()&amp#27;[0m

    Embedding valid login scenario [image/png 62580 bytes]

]]></system-out>
    <system-err><![CDATA[SLF4J: Failed to load class "org.slf4j.impl.StaticLoggerBinder".
SLF4J: Defaulting to no-operation (NOP) logger implementation
SLF4J: See http://www.slf4j.org/codes.html#StaticLoggerBinder for further details.
Starting ChromeDriver 108.0.5359.71 (1e0e3868ee06e91ad636a874420e3ca3ae3756ac-refs/branch-heads/5359@{#1016}) on port 60020
Only local connections are allowed.
Please see https://chromedriver.chromium.org/security-considerations for suggestions on keeping ChromeDriver safe.
ChromeDriver was started successfully.
Dec 29, 2022 7:54:31 PM org.openqa.selenium.remote.ProtocolHandshake createSession
INFO: Detected dialect: W3C
]]></system-err>
  </testcase>
</testsuite>